# JRE version: OpenJDK Runtime Environment (8.0_212-b04) (build 1.8.0_212-release-1586-b04)
# Java VM: OpenJDK 64-Bit Server VM (25.212-b04 mixed mode windows-amd64 compressed oops)
Heap:
 PSYoungGen      total 240128K, used 90757K [0x00000000e0000000, 0x00000000f3d80000, 0x0000000100000000)
  eden space 217600K, 32% used [0x00000000e0000000,0x00000000e45b7fd0,0x00000000ed480000)
  from space 22528K, 85% used [0x00000000ed480000,0x00000000ee769430,0x00000000eea80000)
  to   space 24576K, 0% used [0x00000000f2580000,0x00000000f2580000,0x00000000f3d80000)
 ParOldGen       total 131072K, used 36863K [0x00000000a0000000, 0x00000000a8000000, 0x00000000e0000000)
  object space 131072K, 28% used [0x00000000a0000000,0x00000000a23ffef8,0x00000000a8000000)
 Metaspace       used 67305K, capacity 69752K, committed 69976K, reserved 1110016K
  class space    used 9139K, capacity 9698K, committed 9816K, reserved 1048576K
GC Heap History (10 events):
Event: 10.343 GC heap before
{Heap before GC invocations=10 (full 2):
 PSYoungGen      total 181760K, used 8115K [0x00000000e0000000, 0x00000000ed600000, 0x0000000100000000)
  eden space 167936K, 0% used [0x00000000e0000000,0x00000000e0000000,0x00000000ea400000)
  from space 13824K, 58% used [0x00000000eb100000,0x00000000eb8ecdf0,0x00000000ebe80000)
  to   space 13312K, 0% used [0x00000000ea400000,0x00000000ea400000,0x00000000eb100000)
 ParOldGen       total 64000K, used 12028K [0x00000000a0000000, 0x00000000a3e80000, 0x00000000e0000000)
  object space 64000K, 18% used [0x00000000a0000000,0x00000000a0bbf240,0x00000000a3e80000)
 Metaspace       used 34610K, capacity 35400K, committed 35456K, reserved 1079296K
  class space    used 4758K, capacity 4991K, committed 4992K, reserved 1048576K
Event: 10.390 GC heap after
Heap after GC invocations=10 (full 2):
 PSYoungGen      total 181760K, used 0K [0x00000000e0000000, 0x00000000ed600000, 0x0000000100000000)
  eden space 167936K, 0% used [0x00000000e0000000,0x00000000e0000000,0x00000000ea400000)
  from space 13824K, 0% used [0x00000000eb100000,0x00000000eb100000,0x00000000ebe80000)
  to   space 13312K, 0% used [0x00000000ea400000,0x00000000ea400000,0x00000000eb100000)
 ParOldGen       total 86016K, used 15055K [0x00000000a0000000, 0x00000000a5400000, 0x00000000e0000000)
  object space 86016K, 17% used [0x00000000a0000000,0x00000000a0eb3f68,0x00000000a5400000)
 Metaspace       used 34601K, capacity 35370K, committed 35456K, reserved 1079296K
  class space    used 4755K, capacity 4986K, committed 4992K, reserved 1048576K
}
Event: 14.890 GC heap before
{Heap before GC invocations=11 (full 2):
 PSYoungGen      total 181760K, used 167936K [0x00000000e0000000, 0x00000000ed600000, 0x0000000100000000)
  eden space 167936K, 100% used [0x00000000e0000000,0x00000000ea400000,0x00000000ea400000)
  from space 13824K, 0% used [0x00000000eb100000,0x00000000eb100000,0x00000000ebe80000)
  to   space 13312K, 0% used [0x00000000ea400000,0x00000000ea400000,0x00000000eb100000)
 ParOldGen       total 86016K, used 15055K [0x00000000a0000000, 0x00000000a5400000, 0x00000000e0000000)
  object space 86016K, 17% used [0x00000000a0000000,0x00000000a0eb3f68,0x00000000a5400000)
 Metaspace       used 50198K, capacity 51676K, committed 51840K, reserved 1093632K
  class space    used 6797K, capacity 7193K, committed 7296K, reserved 1048576K
Event: 14.912 GC heap after
Heap after GC invocations=11 (full 2):
 PSYoungGen      total 181248K, used 13281K [0x00000000e0000000, 0x00000000efc80000, 0x0000000100000000)
  eden space 167936K, 0% used [0x00000000e0000000,0x00000000e0000000,0x00000000ea400000)
  from space 13312K, 99% used [0x00000000ea400000,0x00000000eb0f8788,0x00000000eb100000)
  to   space 18432K, 0% used [0x00000000eea80000,0x00000000eea80000,0x00000000efc80000)
 ParOldGen       total 86016K, used 22488K [0x00000000a0000000, 0x00000000a5400000, 0x00000000e0000000)
  object space 86016K, 26% used [0x00000000a0000000,0x00000000a15f6378,0x00000000a5400000)
 Metaspace       used 50198K, capacity 51676K, committed 51840K, reserved 1093632K
  class space    used 6797K, capacity 7193K, committed 7296K, reserved 1048576K
}
Event: 16.549 GC heap before
{Heap before GC invocations=12 (full 2):
 PSYoungGen      total 181248K, used 131999K [0x00000000e0000000, 0x00000000efc80000, 0x0000000100000000)
  eden space 167936K, 70% used [0x00000000e0000000,0x00000000e73ef768,0x00000000ea400000)
  from space 13312K, 99% used [0x00000000ea400000,0x00000000eb0f8788,0x00000000eb100000)
  to   space 18432K, 0% used [0x00000000eea80000,0x00000000eea80000,0x00000000efc80000)
 ParOldGen       total 86016K, used 22488K [0x00000000a0000000, 0x00000000a5400000, 0x00000000e0000000)
  object space 86016K, 26% used [0x00000000a0000000,0x00000000a15f6378,0x00000000a5400000)
 Metaspace       used 57185K, capacity 59058K, committed 59096K, reserved 1099776K
  class space    used 7890K, capacity 8385K, committed 8408K, reserved 1048576K
Event: 16.579 GC heap after
Heap after GC invocations=12 (full 2):
 PSYoungGen      total 236032K, used 18413K [0x00000000e0000000, 0x00000000f0680000, 0x0000000100000000)
  eden space 217600K, 0% used [0x00000000e0000000,0x00000000e0000000,0x00000000ed480000)
  from space 18432K, 99% used [0x00000000eea80000,0x00000000efc7b7e0,0x00000000efc80000)
  to   space 22528K, 0% used [0x00000000ed480000,0x00000000ed480000,0x00000000eea80000)
 ParOldGen       total 86016K, used 27056K [0x00000000a0000000, 0x00000000a5400000, 0x00000000e0000000)
  object space 86016K, 31% used [0x00000000a0000000,0x00000000a1a6c0e8,0x00000000a5400000)
 Metaspace       used 57185K, capacity 59058K, committed 59096K, reserved 1099776K
  class space    used 7890K, capacity 8385K, committed 8408K, reserved 1048576K
}
Event: 16.579 GC heap before
{Heap before GC invocations=13 (full 3):
 PSYoungGen      total 236032K, used 18413K [0x00000000e0000000, 0x00000000f0680000, 0x0000000100000000)
  eden space 217600K, 0% used [0x00000000e0000000,0x00000000e0000000,0x00000000ed480000)
  from space 18432K, 99% used [0x00000000eea80000,0x00000000efc7b7e0,0x00000000efc80000)
  to   space 22528K, 0% used [0x00000000ed480000,0x00000000ed480000,0x00000000eea80000)
 ParOldGen       total 86016K, used 27056K [0x00000000a0000000, 0x00000000a5400000, 0x00000000e0000000)
  object space 86016K, 31% used [0x00000000a0000000,0x00000000a1a6c0e8,0x00000000a5400000)
 Metaspace       used 57185K, capacity 59058K, committed 59096K, reserved 1099776K
  class space    used 7890K, capacity 8385K, committed 8408K, reserved 1048576K
Event: 16.737 GC heap after
Heap after GC invocations=13 (full 3):
 PSYoungGen      total 236032K, used 0K [0x00000000e0000000, 0x00000000f0680000, 0x0000000100000000)
  eden space 217600K, 0% used [0x00000000e0000000,0x00000000e0000000,0x00000000ed480000)
  from space 18432K, 0% used [0x00000000eea80000,0x00000000eea80000,0x00000000efc80000)
  to   space 22528K, 0% used [0x00000000ed480000,0x00000000ed480000,0x00000000eea80000)
 ParOldGen       total 131072K, used 36855K [0x00000000a0000000, 0x00000000a8000000, 0x00000000e0000000)
  object space 131072K, 28% used [0x00000000a0000000,0x00000000a23fdef8,0x00000000a8000000)
 Metaspace       used 57185K, capacity 59058K, committed 59096K, reserved 1099776K
  class space    used 7890K, capacity 8385K, committed 8408K, reserved 1048576K
}
Event: 19.754 GC heap before
{Heap before GC invocations=14 (full 3):
 PSYoungGen      total 236032K, used 217600K [0x00000000e0000000, 0x00000000f0680000, 0x0000000100000000)
  eden space 217600K, 100% used [0x00000000e0000000,0x00000000ed480000,0x00000000ed480000)
  from space 18432K, 0% used [0x00000000eea80000,0x00000000eea80000,0x00000000efc80000)
  to   space 22528K, 0% used [0x00000000ed480000,0x00000000ed480000,0x00000000eea80000)
 ParOldGen       total 131072K, used 36855K [0x00000000a0000000, 0x00000000a8000000, 0x00000000e0000000)
  object space 131072K, 28% used [0x00000000a0000000,0x00000000a23fdef8,0x00000000a8000000)
 Metaspace       used 64406K, capacity 66676K, committed 66904K, reserved 1107968K
  class space    used 8809K, capacity 9288K, committed 9304K, reserved 1048576K
Event: 19.783 GC heap after
Heap after GC invocations=14 (full 3):
 PSYoungGen      total 240128K, used 19365K [0x00000000e0000000, 0x00000000f3d80000, 0x0000000100000000)
  eden space 217600K, 0% used [0x00000000e0000000,0x00000000e0000000,0x00000000ed480000)
  from space 22528K, 85% used [0x00000000ed480000,0x00000000ee769430,0x00000000eea80000)
  to   space 24576K, 0% used [0x00000000f2580000,0x00000000f2580000,0x00000000f3d80000)
 ParOldGen       total 131072K, used 36863K [0x00000000a0000000, 0x00000000a8000000, 0x00000000e0000000)
  object space 131072K, 28% used [0x00000000a0000000,0x00000000a23ffef8,0x00000000a8000000)
 Metaspace       used 64406K, capacity 66676K, committed 66904K, reserved 1107968K
  class space    used 8809K, capacity 9288K, committed 9304K, reserved 1048576K
}

